# JRE version: Java(TM) SE Runtime Environment (8.0_77-b03) (build 1.8.0_77-b03)
# Java VM: Java HotSpot(TM) 64-Bit Server VM (25.77-b03 mixed mode linux-amd64 compressed oops)
Heap:
 PSYoungGen      total 247296K, used 0K [0x00000000eab00000, 0x0000000100000000, 0x0000000100000000)
  eden space 153600K, 0% used [0x00000000eab00000,0x00000000eab00000,0x00000000f4100000)
  from space 93696K, 0% used [0x00000000f4100000,0x00000000f4100000,0x00000000f9c80000)
  to   space 88064K, 0% used [0x00000000faa00000,0x00000000faa00000,0x0000000100000000)
 ParOldGen       total 221184K, used 202651K [0x00000000c0000000, 0x00000000cd800000, 0x00000000eab00000)
  object space 221184K, 91% used [0x00000000c0000000,0x00000000cc5e6cb0,0x00000000cd800000)
 Metaspace       used 6473K, capacity 7256K, committed 7424K, reserved 1056768K
  class space    used 615K, capacity 656K, committed 768K, reserved 1048576K
GC Heap History (10 events):
Event: 20,609 GC heap after
Heap after GC invocations=11 (full 1):
 PSYoungGen      total 171520K, used 29571K [0x00000000eab00000, 0x00000000f9e00000, 0x0000000100000000)
  eden space 141824K, 0% used [0x00000000eab00000,0x00000000eab00000,0x00000000f3580000)
  from space 29696K, 99% used [0x00000000f8100000,0x00000000f9de0e08,0x00000000f9e00000)
  to   space 37376K, 0% used [0x00000000f5500000,0x00000000f5500000,0x00000000f7980000)
 ParOldGen       total 84480K, used 49179K [0x00000000c0000000, 0x00000000c5280000, 0x00000000eab00000)
  object space 84480K, 58% used [0x00000000c0000000,0x00000000c3006f10,0x00000000c5280000)
 Metaspace       used 6450K, capacity 7256K, committed 7424K, reserved 1056768K
  class space    used 613K, capacity 656K, committed 768K, reserved 1048576K
}
Event: 22,166 GC heap before
{Heap before GC invocations=12 (full 1):
 PSYoungGen      total 171520K, used 171395K [0x00000000eab00000, 0x00000000f9e00000, 0x0000000100000000)
  eden space 141824K, 100% used [0x00000000eab00000,0x00000000f3580000,0x00000000f3580000)
  from space 29696K, 99% used [0x00000000f8100000,0x00000000f9de0e08,0x00000000f9e00000)
  to   space 37376K, 0% used [0x00000000f5500000,0x00000000f5500000,0x00000000f7980000)
 ParOldGen       total 84480K, used 49179K [0x00000000c0000000, 0x00000000c5280000, 0x00000000eab00000)
  object space 84480K, 58% used [0x00000000c0000000,0x00000000c3006f10,0x00000000c5280000)
 Metaspace       used 6461K, capacity 7256K, committed 7424K, reserved 1056768K
  class space    used 613K, capacity 656K, committed 768K, reserved 1048576K
Event: 22,423 GC heap after
Heap after GC invocations=12 (full 1):
 PSYoungGen      total 211456K, used 37361K [0x00000000eab00000, 0x00000000fe000000, 0x0000000100000000)
  eden space 174080K, 0% used [0x00000000eab00000,0x00000000eab00000,0x00000000f5500000)
  from space 37376K, 99% used [0x00000000f5500000,0x00000000f797c7c8,0x00000000f7980000)
  to   space 69120K, 0% used [0x00000000f9c80000,0x00000000f9c80000,0x00000000fe000000)
 ParOldGen       total 118784K, used 117966K [0x00000000c0000000, 0x00000000c7400000, 0x00000000eab00000)
  object space 118784K, 99% used [0x00000000c0000000,0x00000000c7333bc8,0x00000000c7400000)
 Metaspace       used 6461K, capacity 7256K, committed 7424K, reserved 1056768K
  class space    used 613K, capacity 656K, committed 768K, reserved 1048576K
}
Event: 22,423 GC heap before
{Heap before GC invocations=13 (full 2):
 PSYoungGen      total 211456K, used 37361K [0x00000000eab00000, 0x00000000fe000000, 0x0000000100000000)
  eden space 174080K, 0% used [0x00000000eab00000,0x00000000eab00000,0x00000000f5500000)
  from space 37376K, 99% used [0x00000000f5500000,0x00000000f797c7c8,0x00000000f7980000)
  to   space 69120K, 0% used [0x00000000f9c80000,0x00000000f9c80000,0x00000000fe000000)
 ParOldGen       total 118784K, used 117966K [0x00000000c0000000, 0x00000000c7400000, 0x00000000eab00000)
  object space 118784K, 99% used [0x00000000c0000000,0x00000000c7333bc8,0x00000000c7400000)
 Metaspace       used 6461K, capacity 7256K, committed 7424K, reserved 1056768K
  class space    used 613K, capacity 656K, committed 768K, reserved 1048576K
Event: 23,800 GC heap after
Heap after GC invocations=13 (full 2):
 PSYoungGen      total 211456K, used 29033K [0x00000000eab00000, 0x00000000fe000000, 0x0000000100000000)
  eden space 174080K, 0% used [0x00000000eab00000,0x00000000eab00000,0x00000000f5500000)
  from space 37376K, 77% used [0x00000000f5500000,0x00000000f715a5b0,0x00000000f7980000)
  to   space 69120K, 0% used [0x00000000f9c80000,0x00000000f9c80000,0x00000000fe000000)
 ParOldGen       total 196096K, used 118231K [0x00000000c0000000, 0x00000000cbf80000, 0x00000000eab00000)
  object space 196096K, 60% used [0x00000000c0000000,0x00000000c7375e20,0x00000000cbf80000)
 Metaspace       used 6461K, capacity 7256K, committed 7424K, reserved 1056768K
  class space    used 613K, capacity 656K, committed 768K, reserved 1048576K
}
Event: 24,338 GC heap before
{Heap before GC invocations=14 (full 2):
 PSYoungGen      total 211456K, used 203113K [0x00000000eab00000, 0x00000000fe000000, 0x0000000100000000)
  eden space 174080K, 100% used [0x00000000eab00000,0x00000000f5500000,0x00000000f5500000)
  from space 37376K, 77% used [0x00000000f5500000,0x00000000f715a5b0,0x00000000f7980000)
  to   space 69120K, 0% used [0x00000000f9c80000,0x00000000f9c80000,0x00000000fe000000)
 ParOldGen       total 196096K, used 118231K [0x00000000c0000000, 0x00000000cbf80000, 0x00000000eab00000)
  object space 196096K, 60% used [0x00000000c0000000,0x00000000c7375e20,0x00000000cbf80000)
 Metaspace       used 6471K, capacity 7256K, committed 7424K, reserved 1056768K
  class space    used 615K, capacity 656K, committed 768K, reserved 1048576K
Event: 24,791 GC heap after
Heap after GC invocations=14 (full 2):
 PSYoungGen      total 222720K, used 69111K [0x00000000eab00000, 0x0000000100000000, 0x0000000100000000)
  eden space 153600K, 0% used [0x00000000eab00000,0x00000000eab00000,0x00000000f4100000)
  from space 69120K, 99% used [0x00000000f9c80000,0x00000000fdffdc00,0x00000000fe000000)
  to   space 93696K, 0% used [0x00000000f4100000,0x00000000f4100000,0x00000000f9c80000)
 ParOldGen       total 196096K, used 151499K [0x00000000c0000000, 0x00000000cbf80000, 0x00000000eab00000)
  object space 196096K, 77% used [0x00000000c0000000,0x00000000c93f2c78,0x00000000cbf80000)
 Metaspace       used 6471K, capacity 7256K, committed 7424K, reserved 1056768K
  class space    used 615K, capacity 656K, committed 768K, reserved 1048576K
}
Event: 25,832 GC heap before
{Heap before GC invocations=15 (full 2):
 PSYoungGen      total 222720K, used 222711K [0x00000000eab00000, 0x0000000100000000, 0x0000000100000000)
  eden space 153600K, 100% used [0x00000000eab00000,0x00000000f4100000,0x00000000f4100000)
  from space 69120K, 99% used [0x00000000f9c80000,0x00000000fdffdc00,0x00000000fe000000)
  to   space 93696K, 0% used [0x00000000f4100000,0x00000000f4100000,0x00000000f9c80000)
 ParOldGen       total 196096K, used 151499K [0x00000000c0000000, 0x00000000cbf80000, 0x00000000eab00000)
  object space 196096K, 77% used [0x00000000c0000000,0x00000000c93f2c78,0x00000000cbf80000)
 Metaspace       used 6473K, capacity 7256K, committed 7424K, reserved 1056768K
  class space    used 615K, capacity 656K, committed 768K, reserved 1048576K
Event: 26,273 GC heap after
Heap after GC invocations=15 (full 2):
 PSYoungGen      total 247296K, used 29337K [0x00000000eab00000, 0x0000000100000000, 0x0000000100000000)
  eden space 153600K, 0% used [0x00000000eab00000,0x00000000eab00000,0x00000000f4100000)
  from space 93696K, 31% used [0x00000000f4100000,0x00000000f5da6518,0x00000000f9c80000)
  to   space 88064K, 0% used [0x00000000faa00000,0x00000000faa00000,0x0000000100000000)
 ParOldGen       total 221184K, used 220862K [0x00000000c0000000, 0x00000000cd800000, 0x00000000eab00000)
  object space 221184K, 99% used [0x00000000c0000000,0x00000000cd7af8a0,0x00000000cd800000)
 Metaspace       used 6473K, capacity 7256K, committed 7424K, reserved 1056768K
  class space    used 615K, capacity 656K, committed 768K, reserved 1048576K
}
Event: 26,273 GC heap before
{Heap before GC invocations=16 (full 3):
 PSYoungGen      total 247296K, used 29337K [0x00000000eab00000, 0x0000000100000000, 0x0000000100000000)
  eden space 153600K, 0% used [0x00000000eab00000,0x00000000eab00000,0x00000000f4100000)
  from space 93696K, 31% used [0x00000000f4100000,0x00000000f5da6518,0x00000000f9c80000)
  to   space 88064K, 0% used [0x00000000faa00000,0x00000000faa00000,0x0000000100000000)
 ParOldGen       total 221184K, used 220862K [0x00000000c0000000, 0x00000000cd800000, 0x00000000eab00000)
  object space 221184K, 99% used [0x00000000c0000000,0x00000000cd7af8a0,0x00000000cd800000)
 Metaspace       used 6473K, capacity 7256K, committed 7424K, reserved 1056768K
  class space    used 615K, capacity 656K, committed 768K, reserved 1048576K

